<?xml version="1.0" encoding="UTF-8"?>
<!-- Generated by org.testng.reporters.JUnitReportReporter -->
<testsuite hostname="Nupur-Lappy" name="TestNgDemo.TestNgMaven.AppTest" tests="1" failures="0" timestamp="14 May 2019 09:11:19 GMT" time="0.002" errors="0">
  <testcase name="testApp" time="0.002" classname="TestNgDemo.TestNgMaven.AppTest"/>
</testsuite> <!-- TestNgDemo.TestNgMaven.AppTest -->
